#
# A fatal error has been detected by the Java Runtime Environment:
#
#  SIGFPE (0x8) at pc=0x0000000110ed4868, pid=32264, tid=0x0000000000001803
#
# JRE version: Java(TM) SE Runtime Environment (8.0_201-b09) (build 1.8.0_201-b09)
# Java VM: Java HotSpot(TM) 64-Bit Server VM (25.201-b09 mixed mode bsd-amd64 compressed oops)
# Problematic frame:
# j  com.sun.tools.javac.comp.ConstFold.fold2(ILcom/sun/tools/javac/code/Type;Lcom/sun/tools/javac/code/Type;)Lcom/sun/tools/javac/code/Type;+877
#
# Failed to write core dump. Core dumps have been disabled. To enable core dumping, try "ulimit -c unlimited" before starting Java again
#
# If you would like to submit a bug report, please visit:
#   http://bugreport.java.com/bugreport/crash.jsp
#

---------------  T H R E A D  ---------------

Current thread (0x00007fa47500d000):  JavaThread "main" [_thread_in_Java, id=6147, stack(0x0000000309552000,0x0000000309652000)]

siginfo: si_signo: 8 (SIGFPE), si_code: 5 (FPE_FLTINV), si_addr: 0x0000000110ed4868

Registers:
RAX=0x0000000000000001, RBX=0x000000000000006c, RCX=0x0000000000000000, RDX=0x0000000000000000
RSP=0x000000030964f3e0, RBP=0x000000030964f428, RSI=0x000000030964f380, RDI=0x00007fa47500d000
R8 =0x0000000000000000, R9 =0x0000000000000001, R10=0x000000010f90a160, R11=0x000000011174fec0
R12=0x0000000000000000, R13=0x00000001292c8c20, R14=0x000000030964f460, R15=0x00007fa47500d000
RIP=0x0000000110ed4868, EFLAGS=0x0000000000000a83, ERR=0x0000000000000000
  TRAPNO=0x0000000000000000

Top of Stack: (sp=0x000000030964f3e0)
0x000000030964f3e0:   0000000797ab8220 000000030964f3e8
0x000000030964f3f0:   00000001292c8c1d 000000030964f460
0x000000030964f400:   00000001292c9920 0000000000000000
0x000000030964f410:   00000001292c94b0 0000000000000000
0x000000030964f420:   000000030964f448 000000030964f4a8
0x000000030964f430:   0000000110ec0040 0000000740fe4de0
0x000000030964f440:   0000000741064708 0000000798930120
0x000000030964f450:   0000000798930100 000000000000006c
0x000000030964f460:   0000000797ac7de0 000000030964f468
0x000000030964f470:   000000012925bc1a 000000030964f4f0
0x000000030964f480:   0000000129291260 0000000000000000
0x000000030964f490:   000000012925bcb8 000000030964f448
0x000000030964f4a0:   000000030964f500 0000000797ac5d30
0x000000030964f4b0:   0000000111f2884c 0000000000000000
0x000000030964f4c0:   000000000000006c 0000000797ab8220
0x000000030964f4d0:   0000000797ac1e28 0000000798930120
0x000000030964f4e0:   0000000798930100 00000007a6ef7a70
0x000000030964f4f0:   0000000797ac5d30 0000000111f2884c
0x000000030964f500:   0000000110ec02bd 00000007a6ef7a58
0x000000030964f510:   0000000798930068 000000030964f518
0x000000030964f520:   0000000129dd6933 000000030964f570
0x000000030964f530:   0000000797ac5d30 0000000111d54220
0x000000030964f540:   00000007a6ef7a70 0000000000000000
0x000000030964f550:   0000000798930080 00000007989300e0
0x000000030964f560:   f2f590ddf3125bc1 000000079892dda8
0x000000030964f570:   000000079892ddd8 0000000111de26a4
0x000000030964f580:   000000030964f6d8 0000000111ddb1d4
0x000000030964f590:   0000000110ec02bd 00000007989300b0
0x000000030964f5a0:   00000007a6ef79e8 0000000798930080
0x000000030964f5b0:   000000030964f5b0 00000001292aa4fb
0x000000030964f5c0:   000000030964f610 0000000129491a80
0x000000030964f5d0:   0000000000000000 00000001292aa508 

Instructions: (pc=0x0000000110ed4868)
0x0000000110ed4848:   c8 8b 04 24 48 83 c4 08 81 f8 00 00 00 80 0f 85
0x0000000110ed4858:   0b 00 00 00 33 d2 83 f9 ff 0f 84 03 00 00 00 99
0x0000000110ed4868:   f7 f9 41 0f b6 5d 01 49 ff c5 49 ba 60 a1 90 0f
0x0000000110ed4878:   01 00 00 00 41 ff 24 da 80 00 00 00 00 00 00 00 

Register to memory mapping:

RAX=0x0000000000000001 is an unknown value
RBX=0x000000000000006c is an unknown value
RCX=0x0000000000000000 is an unknown value
RDX=0x0000000000000000 is an unknown value
RSP=0x000000030964f3e0 is pointing into the stack for thread: 0x00007fa47500d000
RBP=0x000000030964f428 is pointing into the stack for thread: 0x00007fa47500d000
RSI=0x000000030964f380 is pointing into the stack for thread: 0x00007fa47500d000
RDI=0x00007fa47500d000 is a thread
R8 =0x0000000000000000 is an unknown value
R9 =0x0000000000000001 is an unknown value
R10=0x000000010f90a160: _ZN19TemplateInterpreter13_active_tableE+0x2000 in /Library/Java/JavaVirtualMachines/jdk1.8.0_201.jdk/Contents/Home/jre/lib/server/libjvm.dylib at 0x000000010f000000
R11=0x000000011174fec0 is at entry_point+32 in (nmethod*)0x000000011174fd50
R12=0x0000000000000000 is an unknown value
R13=0x00000001292c8c20 is pointing into metadata
R14=0x000000030964f460 is pointing into the stack for thread: 0x00007fa47500d000
R15=0x00007fa47500d000 is a thread


Stack: [0x0000000309552000,0x0000000309652000],  sp=0x000000030964f3e0,  free space=1012k
Native frames: (J=compiled Java code, j=interpreted, Vv=VM code, C=native code)
j  com.sun.tools.javac.comp.ConstFold.fold2(ILcom/sun/tools/javac/code/Type;Lcom/sun/tools/javac/code/Type;)Lcom/sun/tools/javac/code/Type;+877
j  com.sun.tools.javac.comp.Attr.visitBinary(Lcom/sun/tools/javac/tree/JCTree$JCBinary;)V+178
J 5112 C1 com.sun.tools.javac.tree.JCTree$JCBinary.accept(Lcom/sun/tools/javac/tree/JCTree$Visitor;)V (6 bytes) @ 0x0000000111f2884c [0x0000000111f28740+0x10c]
J 4692 C2 com.sun.tools.javac.comp.Attr.attribTree(Lcom/sun/tools/javac/tree/JCTree;Lcom/sun/tools/javac/comp/Env;Lcom/sun/tools/javac/comp/Attr$ResultInfo;)Lcom/sun/tools/javac/code/Type; (148 bytes) @ 0x0000000111d54220 [0x0000000111d54180+0xa0]
J 4807 C1 com.sun.tools.javac.comp.Attr.attribExpr(Lcom/sun/tools/javac/tree/JCTree;Lcom/sun/tools/javac/comp/Env;Lcom/sun/tools/javac/code/Type;)Lcom/sun/tools/javac/code/Type; (34 bytes) @ 0x0000000111ddb1d4 [0x0000000111ddad40+0x494]
j  com.sun.tools.javac.comp.Attr.visitVarDef(Lcom/sun/tools/javac/tree/JCTree$JCVariableDecl;)V+360
J 4856 C2 com.sun.tools.javac.tree.JCTree$JCVariableDecl.accept(Lcom/sun/tools/javac/tree/JCTree$Visitor;)V (6 bytes) @ 0x0000000111106fa4 [0x0000000111106f60+0x44]
J 4692 C2 com.sun.tools.javac.comp.Attr.attribTree(Lcom/sun/tools/javac/tree/JCTree;Lcom/sun/tools/javac/comp/Env;Lcom/sun/tools/javac/comp/Attr$ResultInfo;)Lcom/sun/tools/javac/code/Type; (148 bytes) @ 0x0000000111d54220 [0x0000000111d54180+0xa0]
J 5172 C1 com.sun.tools.javac.comp.Attr.attribStats(Lcom/sun/tools/javac/util/List;Lcom/sun/tools/javac/comp/Env;)V (31 bytes) @ 0x0000000111f647f4 [0x0000000111f644a0+0x354]
j  com.sun.tools.javac.comp.Attr.visitBlock(Lcom/sun/tools/javac/tree/JCTree$JCBlock;)V+318
J 4652 C1 com.sun.tools.javac.tree.JCTree$JCBlock.accept(Lcom/sun/tools/javac/tree/JCTree$Visitor;)V (6 bytes) @ 0x0000000111d49e4c [0x0000000111d49d40+0x10c]
J 4692 C2 com.sun.tools.javac.comp.Attr.attribTree(Lcom/sun/tools/javac/tree/JCTree;Lcom/sun/tools/javac/comp/Env;Lcom/sun/tools/javac/comp/Attr$ResultInfo;)Lcom/sun/tools/javac/code/Type; (148 bytes) @ 0x0000000111d54220 [0x0000000111d54180+0xa0]
J 5096 C1 com.sun.tools.javac.comp.Attr.attribStat(Lcom/sun/tools/javac/tree/JCTree;Lcom/sun/tools/javac/comp/Env;)Lcom/sun/tools/javac/code/Type; (11 bytes) @ 0x0000000111f18094 [0x0000000111f18000+0x94]
j  com.sun.tools.javac.comp.Attr.visitTry(Lcom/sun/tools/javac/tree/JCTree$JCTry;)V+246
j  com.sun.tools.javac.tree.JCTree$JCTry.accept(Lcom/sun/tools/javac/tree/JCTree$Visitor;)V+2
J 4692 C2 com.sun.tools.javac.comp.Attr.attribTree(Lcom/sun/tools/javac/tree/JCTree;Lcom/sun/tools/javac/comp/Env;Lcom/sun/tools/javac/comp/Attr$ResultInfo;)Lcom/sun/tools/javac/code/Type; (148 bytes) @ 0x0000000111d54220 [0x0000000111d54180+0xa0]
J 5172 C1 com.sun.tools.javac.comp.Attr.attribStats(Lcom/sun/tools/javac/util/List;Lcom/sun/tools/javac/comp/Env;)V (31 bytes) @ 0x0000000111f647f4 [0x0000000111f644a0+0x354]
j  com.sun.tools.javac.comp.Attr.visitBlock(Lcom/sun/tools/javac/tree/JCTree$JCBlock;)V+318
J 4652 C1 com.sun.tools.javac.tree.JCTree$JCBlock.accept(Lcom/sun/tools/javac/tree/JCTree$Visitor;)V (6 bytes) @ 0x0000000111d49e4c [0x0000000111d49d40+0x10c]
J 4692 C2 com.sun.tools.javac.comp.Attr.attribTree(Lcom/sun/tools/javac/tree/JCTree;Lcom/sun/tools/javac/comp/Env;Lcom/sun/tools/javac/comp/Attr$ResultInfo;)Lcom/sun/tools/javac/code/Type; (148 bytes) @ 0x0000000111d54220 [0x0000000111d54180+0xa0]
J 5096 C1 com.sun.tools.javac.comp.Attr.attribStat(Lcom/sun/tools/javac/tree/JCTree;Lcom/sun/tools/javac/comp/Env;)Lcom/sun/tools/javac/code/Type; (11 bytes) @ 0x0000000111f18094 [0x0000000111f18000+0x94]
j  com.sun.tools.javac.comp.Attr.visitMethodDef(Lcom/sun/tools/javac/tree/JCTree$JCMethodDecl;)V+1117
J 4771 C2 com.sun.tools.javac.tree.JCTree$JCMethodDecl.accept(Lcom/sun/tools/javac/tree/JCTree$Visitor;)V (6 bytes) @ 0x0000000111dc9a64 [0x0000000111dc9a20+0x44]
J 4692 C2 com.sun.tools.javac.comp.Attr.attribTree(Lcom/sun/tools/javac/tree/JCTree;Lcom/sun/tools/javac/comp/Env;Lcom/sun/tools/javac/comp/Attr$ResultInfo;)Lcom/sun/tools/javac/code/Type; (148 bytes) @ 0x0000000111d54220 [0x0000000111d54180+0xa0]
J 5096 C1 com.sun.tools.javac.comp.Attr.attribStat(Lcom/sun/tools/javac/tree/JCTree;Lcom/sun/tools/javac/comp/Env;)Lcom/sun/tools/javac/code/Type; (11 bytes) @ 0x0000000111f18094 [0x0000000111f18000+0x94]
j  com.sun.tools.javac.comp.Attr.attribClassBody(Lcom/sun/tools/javac/comp/Env;Lcom/sun/tools/javac/code/Symbol$ClassSymbol;)V+472
j  com.sun.tools.javac.comp.Attr.attribClass(Lcom/sun/tools/javac/code/Symbol$ClassSymbol;)V+392
j  com.sun.tools.javac.comp.Attr.attribClass(Lcom/sun/tools/javac/util/JCDiagnostic$DiagnosticPosition;Lcom/sun/tools/javac/code/Symbol$ClassSymbol;)V+9
j  com.sun.tools.javac.comp.Attr.attrib(Lcom/sun/tools/javac/comp/Env;)V+36
j  com.sun.tools.javac.main.JavaCompiler.attribute(Lcom/sun/tools/javac/comp/Env;)Lcom/sun/tools/javac/comp/Env;+176
j  com.sun.tools.javac.main.JavaCompiler.compile2()V+177
j  com.sun.tools.javac.main.JavaCompiler.compile(Lcom/sun/tools/javac/util/List;Lcom/sun/tools/javac/util/List;Ljava/lang/Iterable;)V+165
j  com.sun.tools.javac.main.Main.compile([Ljava/lang/String;[Ljava/lang/String;Lcom/sun/tools/javac/util/Context;Lcom/sun/tools/javac/util/List;Ljava/lang/Iterable;)Lcom/sun/tools/javac/main/Main$Result;+1299
j  com.sun.tools.javac.api.JavacTaskImpl.doCall()Lcom/sun/tools/javac/main/Main$Result;+59
j  com.sun.tools.javac.api.JavacTaskImpl.call()Ljava/lang/Boolean;+1
j  org.codehaus.plexus.compiler.javac.JavaxToolsCompiler.compileInProcess([Ljava/lang/String;Lorg/codehaus/plexus/compiler/CompilerConfiguration;[Ljava/lang/String;)Lorg/codehaus/plexus/compiler/CompilerResult;+129
j  org.codehaus.plexus.compiler.javac.JavacCompiler.performCompile(Lorg/codehaus/plexus/compiler/CompilerConfiguration;)Lorg/codehaus/plexus/compiler/CompilerResult;+211
j  org.apache.maven.plugin.compiler.AbstractCompilerMojo.execute()V+3190
j  org.apache.maven.plugin.compiler.CompilerMojo.execute()V+44
j  org.apache.maven.plugin.DefaultBuildPluginManager.executeMojo(Lorg/apache/maven/execution/MavenSession;Lorg/apache/maven/plugin/MojoExecution;)V+152
j  org.apache.maven.lifecycle.internal.MojoExecutor.execute(Lorg/apache/maven/execution/MavenSession;Lorg/apache/maven/plugin/MojoExecution;Lorg/apache/maven/lifecycle/internal/ProjectIndex;Lorg/apache/maven/lifecycle/internal/DependencyContext;)V+215
j  org.apache.maven.lifecycle.internal.MojoExecutor.execute(Lorg/apache/maven/execution/MavenSession;Lorg/apache/maven/plugin/MojoExecution;Lorg/apache/maven/lifecycle/internal/ProjectIndex;Lorg/apache/maven/lifecycle/internal/DependencyContext;Lorg/apache/maven/lifecycle/internal/PhaseRecorder;)V+6
j  org.apache.maven.lifecycle.internal.MojoExecutor.execute(Lorg/apache/maven/execution/MavenSession;Ljava/util/List;Lorg/apache/maven/lifecycle/internal/ProjectIndex;)V+60
j  org.apache.maven.lifecycle.internal.LifecycleModuleBuilder.buildProject(Lorg/apache/maven/execution/MavenSession;Lorg/apache/maven/execution/MavenSession;Lorg/apache/maven/lifecycle/internal/ReactorContext;Lorg/apache/maven/project/MavenProject;Lorg/apache/maven/lifecycle/internal/TaskSegment;)V+179
j  org.apache.maven.lifecycle.internal.LifecycleModuleBuilder.buildProject(Lorg/apache/maven/execution/MavenSession;Lorg/apache/maven/lifecycle/internal/ReactorContext;Lorg/apache/maven/project/MavenProject;Lorg/apache/maven/lifecycle/internal/TaskSegment;)V+7
j  org.apache.maven.lifecycle.internal.builder.singlethreaded.SingleThreadedBuilder.build(Lorg/apache/maven/execution/MavenSession;Lorg/apache/maven/lifecycle/internal/ReactorContext;Lorg/apache/maven/lifecycle/internal/ProjectBuildList;Ljava/util/List;Lorg/apache/maven/lifecycle/internal/ReactorBuildStatus;)V+77
j  org.apache.maven.lifecycle.internal.LifecycleStarter.execute(Lorg/apache/maven/execution/MavenSession;)V+348
j  org.apache.maven.DefaultMaven.doExecute(Lorg/apache/maven/execution/MavenExecutionRequest;Lorg/apache/maven/execution/MavenSession;Lorg/apache/maven/execution/MavenExecutionResult;Lorg/eclipse/aether/DefaultRepositorySystemSession;)Lorg/apache/maven/execution/MavenExecutionResult;+425
j  org.apache.maven.DefaultMaven.doExecute(Lorg/apache/maven/execution/MavenExecutionRequest;)Lorg/apache/maven/execution/MavenExecutionResult;+98
j  org.apache.maven.DefaultMaven.execute(Lorg/apache/maven/execution/MavenExecutionRequest;)Lorg/apache/maven/execution/MavenExecutionResult;+2
j  org.apache.maven.cli.MavenCli.execute(Lorg/apache/maven/cli/CliRequest;)I+27
j  org.apache.maven.cli.MavenCli.doMain(Lorg/apache/maven/cli/CliRequest;)I+66
j  org.apache.maven.cli.MavenCli.main([Ljava/lang/String;Lorg/codehaus/plexus/classworlds/ClassWorld;)I+24
v  ~StubRoutines::call_stub
V  [libjvm.dylib+0x2f0bea]
V  [libjvm.dylib+0x4d7830]
V  [libjvm.dylib+0x4d7d64]
V  [libjvm.dylib+0x349138]
j  sun.reflect.NativeMethodAccessorImpl.invoke0(Ljava/lang/reflect/Method;Ljava/lang/Object;[Ljava/lang/Object;)Ljava/lang/Object;+0
j  sun.reflect.NativeMethodAccessorImpl.invoke(Ljava/lang/Object;[Ljava/lang/Object;)Ljava/lang/Object;+100
j  sun.reflect.DelegatingMethodAccessorImpl.invoke(Ljava/lang/Object;[Ljava/lang/Object;)Ljava/lang/Object;+6
j  java.lang.reflect.Method.invoke(Ljava/lang/Object;[Ljava/lang/Object;)Ljava/lang/Object;+56
j  org.codehaus.plexus.classworlds.launcher.Launcher.launchEnhanced([Ljava/lang/String;)V+45
j  org.codehaus.plexus.classworlds.launcher.Launcher.launch([Ljava/lang/String;)V+2
j  org.codehaus.plexus.classworlds.launcher.Launcher.mainWithExitCode([Ljava/lang/String;)I+101
j  org.codehaus.plexus.classworlds.launcher.Launcher.main([Ljava/lang/String;)V+1
v  ~StubRoutines::call_stub
V  [libjvm.dylib+0x2f0bea]
V  [libjvm.dylib+0x327b91]
V  [libjvm.dylib+0x32091d]
C  [java+0x38c6]  JavaMain+0x9c4
C  [libsystem_pthread.dylib+0x6950]  _pthread_start+0xe0
C  [libsystem_pthread.dylib+0x247b]  thread_start+0xf
C  0x0000000000000000


---------------  P R O C E S S  ---------------

Java Threads: ( => current thread )
  0x00007fa476245800 JavaThread "Attach Listener" daemon [_thread_blocked, id=39979, stack(0x000000030a99c000,0x000000030aa9c000)]
  0x00007fa475034000 JavaThread "Service Thread" daemon [_thread_blocked, id=41479, stack(0x000000030a796000,0x000000030a896000)]
  0x00007fa47584a000 JavaThread "C1 CompilerThread3" daemon [_thread_blocked, id=41987, stack(0x000000030a693000,0x000000030a793000)]
  0x00007fa475033800 JavaThread "C2 CompilerThread2" daemon [_thread_blocked, id=42243, stack(0x000000030a590000,0x000000030a690000)]
  0x00007fa475849800 JavaThread "C2 CompilerThread1" daemon [_thread_blocked, id=22531, stack(0x000000030a48d000,0x000000030a58d000)]
  0x00007fa47682c800 JavaThread "C2 CompilerThread0" daemon [_thread_blocked, id=43011, stack(0x000000030a38a000,0x000000030a48a000)]
  0x00007fa47582b000 JavaThread "Signal Dispatcher" daemon [_thread_blocked, id=22275, stack(0x000000030a287000,0x000000030a387000)]
  0x00007fa475027000 JavaThread "Finalizer" daemon [_thread_blocked, id=18207, stack(0x000000030a073000,0x000000030a173000)]
  0x00007fa47580a000 JavaThread "Reference Handler" daemon [_thread_blocked, id=13603, stack(0x0000000309f70000,0x000000030a070000)]
=>0x00007fa47500d000 JavaThread "main" [_thread_in_Java, id=6147, stack(0x0000000309552000,0x0000000309652000)]

Other Threads:
  0x00007fa476013000 VMThread [stack: 0x0000000309e6d000,0x0000000309f6d000] [id=13059]
  0x00007fa475828000 WatcherThread [stack: 0x000000030a899000,0x000000030a999000] [id=23815]

VM state:not at safepoint (normal execution)

VM Mutex/Monitor currently owned by a thread: None

heap address: 0x0000000740000000, size: 2048 MB, Compressed Oops mode: Zero based, Oop shift amount: 3
Narrow klass base: 0x0000000000000000, Narrow klass shift: 3
Compressed class space size: 1073741824 Address: 0x00000007c0000000

Heap:
 PSYoungGen      total 239104K, used 68549K [0x0000000795580000, 0x00000007a7780000, 0x00000007c0000000)
  eden space 223744K, 23% used [0x0000000795580000,0x0000000798974150,0x00000007a3000000)
  from space 15360K, 99% used [0x00000007a6880000,0x00000007a777d638,0x00000007a7780000)
  to   space 18944K, 0% used [0x00000007a5280000,0x00000007a5280000,0x00000007a6500000)
 ParOldGen       total 73216K, used 22406K [0x0000000740000000, 0x0000000744780000, 0x0000000795580000)
  object space 73216K, 30% used [0x0000000740000000,0x00000007415e19d8,0x0000000744780000)
 Metaspace       used 25090K, capacity 25678K, committed 25856K, reserved 1073152K
  class space    used 2860K, capacity 3012K, committed 3072K, reserved 1048576K

Card table byte_map: [0x000000011feb8000,0x00000001202b9000] byte_map_base: 0x000000011c4b8000

Marking Bits: (ParMarkBitMap*) 0x000000010f8fbe40
 Begin Bits: [0x00000001205aa000, 0x00000001225aa000)
 End Bits:   [0x00000001225aa000, 0x00000001245aa000)

Polling page: 0x000000010ab26000

CodeCache: size=245760Kb used=17428Kb max_used=17428Kb free=228332Kb
 bounds [0x0000000110eb8000, 0x0000000111fd8000, 0x000000011feb8000]
 total_blobs=5131 nmethods=4731 adapters=314
 compilation: enabled

Compilation events (10 events):
Event: 9.816 Thread 0x00007fa47584a000 5302       3       com.sun.tools.javac.comp.Attr::attribAnyTypes (52 bytes)
Event: 9.816 Thread 0x00007fa47584a000 nmethod 5302 0x0000000111fce410 code [0x0000000111fce620, 0x0000000111fcf0a8]
Event: 9.822 Thread 0x00007fa47584a000 5303       3       com.sun.tools.javac.file.JavacFileManager::hasLocation (14 bytes)
Event: 9.823 Thread 0x00007fa47584a000 nmethod 5303 0x0000000111fcf710 code [0x0000000111fcf8e0, 0x0000000111fd0088]
Event: 9.828 Thread 0x00007fa47584a000 5304       3       com.sun.tools.javac.comp.Check::checkRefTypes (57 bytes)
Event: 9.828 Thread 0x00007fa47584a000 nmethod 5304 0x0000000111fd0410 code [0x0000000111fd0600, 0x0000000111fd1038]
Event: 9.829 Thread 0x00007fa47584a000 5305       3       com.sun.tools.javac.code.Type$DelegatedType::getParameterTypes (8 bytes)
Event: 9.830 Thread 0x00007fa47584a000 nmethod 5305 0x0000000111fd1510 code [0x0000000111fd1680, 0x0000000111fd18a8]
Event: 9.831 Thread 0x00007fa47584a000 5306       1       java.lang.Enum::toString (5 bytes)
Event: 9.831 Thread 0x00007fa47584a000 nmethod 5306 0x0000000111fd1950 code [0x0000000111fd1aa0, 0x0000000111fd1bb0]

GC Heap History (10 events):
Event: 3.565 GC heap before
{Heap before GC invocations=3 (full 0):
 PSYoungGen      total 71680K, used 71669K [0x0000000795580000, 0x000000079a080000, 0x00000007c0000000)
  eden space 66560K, 100% used [0x0000000795580000,0x0000000799680000,0x0000000799680000)
  from space 5120K, 99% used [0x0000000799b80000,0x000000079a07d5e0,0x000000079a080000)
  to   space 5120K, 0% used [0x0000000799680000,0x0000000799680000,0x0000000799b80000)
 ParOldGen       total 87552K, used 1725K [0x0000000740000000, 0x0000000745580000, 0x0000000795580000)
  object space 87552K, 1% used [0x0000000740000000,0x00000007401af6c8,0x0000000745580000)
 Metaspace       used 15602K, capacity 15890K, committed 16128K, reserved 1062912K
  class space    used 1857K, capacity 1974K, committed 2048K, reserved 1048576K
Event: 3.610 GC heap after
Heap after GC invocations=3 (full 0):
 PSYoungGen      total 71680K, used 5104K [0x0000000795580000, 0x000000079e180000, 0x00000007c0000000)
  eden space 66560K, 0% used [0x0000000795580000,0x0000000795580000,0x0000000799680000)
  from space 5120K, 99% used [0x0000000799680000,0x0000000799b7c010,0x0000000799b80000)
  to   space 5120K, 0% used [0x000000079dc80000,0x000000079dc80000,0x000000079e180000)
 ParOldGen       total 87552K, used 9935K [0x0000000740000000, 0x0000000745580000, 0x0000000795580000)
  object space 87552K, 11% used [0x0000000740000000,0x00000007409b3fa0,0x0000000745580000)
 Metaspace       used 15602K, capacity 15890K, committed 16128K, reserved 1062912K
  class space    used 1857K, capacity 1974K, committed 2048K, reserved 1048576K
}
Event: 4.876 GC heap before
{Heap before GC invocations=4 (full 0):
 PSYoungGen      total 71680K, used 71664K [0x0000000795580000, 0x000000079e180000, 0x00000007c0000000)
  eden space 66560K, 100% used [0x0000000795580000,0x0000000799680000,0x0000000799680000)
  from space 5120K, 99% used [0x0000000799680000,0x0000000799b7c010,0x0000000799b80000)
  to   space 5120K, 0% used [0x000000079dc80000,0x000000079dc80000,0x000000079e180000)
 ParOldGen       total 87552K, used 9935K [0x0000000740000000, 0x0000000745580000, 0x0000000795580000)
  object space 87552K, 11% used [0x0000000740000000,0x00000007409b3fa0,0x0000000745580000)
 Metaspace       used 16218K, capacity 16520K, committed 16640K, reserved 1064960K
  class space    used 1880K, capacity 1983K, committed 2048K, reserved 1048576K
Event: 4.916 GC heap after
Heap after GC invocations=4 (full 0):
 PSYoungGen      total 138240K, used 5120K [0x0000000795580000, 0x000000079e180000, 0x00000007c0000000)
  eden space 133120K, 0% used [0x0000000795580000,0x0000000795580000,0x000000079d780000)
  from space 5120K, 100% used [0x000000079dc80000,0x000000079e180000,0x000000079e180000)
  to   space 5120K, 0% used [0x000000079d780000,0x000000079d780000,0x000000079dc80000)
 ParOldGen       total 87552K, used 17064K [0x0000000740000000, 0x0000000745580000, 0x0000000795580000)
  object space 87552K, 19% used [0x0000000740000000,0x00000007410aa3b8,0x0000000745580000)
 Metaspace       used 16218K, capacity 16520K, committed 16640K, reserved 1064960K
  class space    used 1880K, capacity 1983K, committed 2048K, reserved 1048576K
}
Event: 6.149 GC heap before
{Heap before GC invocations=5 (full 0):
 PSYoungGen      total 138240K, used 62724K [0x0000000795580000, 0x000000079e180000, 0x00000007c0000000)
  eden space 133120K, 43% used [0x0000000795580000,0x0000000798dc11a0,0x000000079d780000)
  from space 5120K, 100% used [0x000000079dc80000,0x000000079e180000,0x000000079e180000)
  to   space 5120K, 0% used [0x000000079d780000,0x000000079d780000,0x000000079dc80000)
 ParOldGen       total 87552K, used 17064K [0x0000000740000000, 0x0000000745580000, 0x0000000795580000)
  object space 87552K, 19% used [0x0000000740000000,0x00000007410aa3b8,0x0000000745580000)
 Metaspace       used 20661K, capacity 21124K, committed 21296K, reserved 1069056K
  class space    used 2443K, capacity 2583K, committed 2688K, reserved 1048576K
Event: 6.196 GC heap after
Heap after GC invocations=5 (full 0):
 PSYoungGen      total 138240K, used 5104K [0x0000000795580000, 0x00000007a7780000, 0x00000007c0000000)
  eden space 133120K, 0% used [0x0000000795580000,0x0000000795580000,0x000000079d780000)
  from space 5120K, 99% used [0x000000079d780000,0x000000079dc7c010,0x000000079dc80000)
  to   space 15360K, 0% used [0x00000007a6880000,0x00000007a6880000,0x00000007a7780000)
 ParOldGen       total 87552K, used 21510K [0x0000000740000000, 0x0000000745580000, 0x0000000795580000)
  object space 87552K, 24% used [0x0000000740000000,0x0000000741501b10,0x0000000745580000)
 Metaspace       used 20661K, capacity 21124K, committed 21296K, reserved 1069056K
  class space    used 2443K, capacity 2583K, committed 2688K, reserved 1048576K
}
Event: 6.196 GC heap before
{Heap before GC invocations=6 (full 1):
 PSYoungGen      total 138240K, used 5104K [0x0000000795580000, 0x00000007a7780000, 0x00000007c0000000)
  eden space 133120K, 0% used [0x0000000795580000,0x0000000795580000,0x000000079d780000)
  from space 5120K, 99% used [0x000000079d780000,0x000000079dc7c010,0x000000079dc80000)
  to   space 15360K, 0% used [0x00000007a6880000,0x00000007a6880000,0x00000007a7780000)
 ParOldGen       total 87552K, used 21510K [0x0000000740000000, 0x0000000745580000, 0x0000000795580000)
  object space 87552K, 24% used [0x0000000740000000,0x0000000741501b10,0x0000000745580000)
 Metaspace       used 20661K, capacity 21124K, committed 21296K, reserved 1069056K
  class space    used 2443K, capacity 2583K, committed 2688K, reserved 1048576K
Event: 6.263 GC heap after
Heap after GC invocations=6 (full 1):
 PSYoungGen      total 138240K, used 0K [0x0000000795580000, 0x00000007a7780000, 0x00000007c0000000)
  eden space 133120K, 0% used [0x0000000795580000,0x0000000795580000,0x000000079d780000)
  from space 5120K, 0% used [0x000000079d780000,0x000000079d780000,0x000000079dc80000)
  to   space 15360K, 0% used [0x00000007a6880000,0x00000007a6880000,0x00000007a7780000)
 ParOldGen       total 73216K, used 20620K [0x0000000740000000, 0x0000000744780000, 0x0000000795580000)
  object space 73216K, 28% used [0x0000000740000000,0x0000000741423368,0x0000000744780000)
 Metaspace       used 20661K, capacity 21124K, committed 21296K, reserved 1069056K
  class space    used 2443K, capacity 2583K, committed 2688K, reserved 1048576K
}
Event: 7.582 GC heap before
{Heap before GC invocations=7 (full 1):
 PSYoungGen      total 138240K, used 133120K [0x0000000795580000, 0x00000007a7780000, 0x00000007c0000000)
  eden space 133120K, 100% used [0x0000000795580000,0x000000079d780000,0x000000079d780000)
  from space 5120K, 0% used [0x000000079d780000,0x000000079d780000,0x000000079dc80000)
  to   space 15360K, 0% used [0x00000007a6880000,0x00000007a6880000,0x00000007a7780000)
 ParOldGen       total 73216K, used 20620K [0x0000000740000000, 0x0000000744780000, 0x0000000795580000)
  object space 73216K, 28% used [0x0000000740000000,0x0000000741423368,0x0000000744780000)
 Metaspace       used 23666K, capacity 24296K, committed 24448K, reserved 1071104K
  class space    used 2735K, capacity 2915K, committed 2944K, reserved 1048576K
Event: 7.595 GC heap after
Heap after GC invocations=7 (full 1):
 PSYoungGen      total 239104K, used 15349K [0x0000000795580000, 0x00000007a7780000, 0x00000007c0000000)
  eden space 223744K, 0% used [0x0000000795580000,0x0000000795580000,0x00000007a3000000)
  from space 15360K, 99% used [0x00000007a6880000,0x00000007a777d638,0x00000007a7780000)
  to   space 18944K, 0% used [0x00000007a5280000,0x00000007a5280000,0x00000007a6500000)
 ParOldGen       total 73216K, used 22406K [0x0000000740000000, 0x0000000744780000, 0x0000000795580000)
  object space 73216K, 30% used [0x0000000740000000,0x00000007415e19d8,0x0000000744780000)
 Metaspace       used 23666K, capacity 24296K, committed 24448K, reserved 1071104K
  class space    used 2735K, capacity 2915K, committed 2944K, reserved 1048576K
}

Deoptimization events (10 events):
Event: 9.450 Thread 0x00007fa47500d000 Uncommon trap: reason=class_check action=maybe_recompile pc=0x0000000111de5578 method=com.sun.tools.javac.code.Types$19.visitClassType(Lcom/sun/tools/javac/code/Type$ClassType;Ljava/lang/Void;)Lcom/sun/tools/javac/util/List; @ 46
Event: 9.451 Thread 0x00007fa47500d000 Uncommon trap: reason=class_check action=maybe_recompile pc=0x0000000111de17f4 method=com.sun.tools.javac.code.Types$19.visitClassType(Lcom/sun/tools/javac/code/Type$ClassType;Ljava/lang/Void;)Lcom/sun/tools/javac/util/List; @ 46
Event: 9.484 Thread 0x00007fa47500d000 Uncommon trap: reason=unstable_if action=reinterpret pc=0x0000000111de43c0 method=com.sun.tools.javac.tree.TreeInfo.skipParens(Lcom/sun/tools/javac/tree/JCTree;)Lcom/sun/tools/javac/tree/JCTree; @ 7
Event: 9.485 Thread 0x00007fa47500d000 Uncommon trap: reason=unstable_if action=reinterpret pc=0x0000000111ef5c90 method=com.sun.tools.javac.tree.TreeInfo.skipParens(Lcom/sun/tools/javac/tree/JCTree;)Lcom/sun/tools/javac/tree/JCTree; @ 7
Event: 9.618 Thread 0x00007fa47500d000 Uncommon trap: reason=unstable_if action=reinterpret pc=0x0000000111d623f8 method=com.sun.tools.javac.jvm.ClassReader.sigToType()Lcom/sun/tools/javac/code/Type; @ 697
Event: 9.688 Thread 0x00007fa47500d000 Uncommon trap: reason=bimorphic action=maybe_recompile pc=0x0000000111f30250 method=com.sun.tools.javac.code.Types$19.visitClassType(Lcom/sun/tools/javac/code/Type$ClassType;Ljava/lang/Void;)Lcom/sun/tools/javac/util/List; @ 46
Event: 9.690 Thread 0x00007fa47500d000 Uncommon trap: reason=bimorphic action=maybe_recompile pc=0x0000000111f30250 method=com.sun.tools.javac.code.Types$19.visitClassType(Lcom/sun/tools/javac/code/Type$ClassType;Ljava/lang/Void;)Lcom/sun/tools/javac/util/List; @ 46
Event: 9.690 Thread 0x00007fa47500d000 Uncommon trap: reason=bimorphic action=maybe_recompile pc=0x0000000111f30250 method=com.sun.tools.javac.code.Types$19.visitClassType(Lcom/sun/tools/javac/code/Type$ClassType;Ljava/lang/Void;)Lcom/sun/tools/javac/util/List; @ 46
Event: 9.690 Thread 0x00007fa47500d000 Uncommon trap: reason=bimorphic action=maybe_recompile pc=0x0000000111f30250 method=com.sun.tools.javac.code.Types$19.visitClassType(Lcom/sun/tools/javac/code/Type$ClassType;Ljava/lang/Void;)Lcom/sun/tools/javac/util/List; @ 46
Event: 9.719 Thread 0x00007fa47500d000 Uncommon trap: reason=unloaded action=reinterpret pc=0x0000000111d71650 method=com.sun.tools.javac.jvm.ClassReader.readPool(I)Ljava/lang/Object; @ 390

Classes redefined (0 events):
No events

Internal exceptions (10 events):
Event: 6.842 Thread 0x00007fa47500d000 Exception <a 'java/io/FileNotFoundException'> (0x000000079ab83db8) thrown at [/Users/java_re/workspace/8-2-build-macosx-x86_64/jdk8u201/12322/hotspot/src/share/vm/prims/jni.cpp, line 709]
Event: 6.842 Thread 0x00007fa47500d000 Exception <a 'java/io/FileNotFoundException'> (0x000000079ab84d08) thrown at [/Users/java_re/workspace/8-2-build-macosx-x86_64/jdk8u201/12322/hotspot/src/share/vm/prims/jni.cpp, line 709]
Event: 6.842 Thread 0x00007fa47500d000 Exception <a 'java/io/FileNotFoundException'> (0x000000079ab85cd0) thrown at [/Users/java_re/workspace/8-2-build-macosx-x86_64/jdk8u201/12322/hotspot/src/share/vm/prims/jni.cpp, line 709]
Event: 6.842 Thread 0x00007fa47500d000 Exception <a 'java/io/FileNotFoundException'> (0x000000079ab86c48) thrown at [/Users/java_re/workspace/8-2-build-macosx-x86_64/jdk8u201/12322/hotspot/src/share/vm/prims/jni.cpp, line 709]
Event: 6.842 Thread 0x00007fa47500d000 Exception <a 'java/io/FileNotFoundException'> (0x000000079ab87ba0) thrown at [/Users/java_re/workspace/8-2-build-macosx-x86_64/jdk8u201/12322/hotspot/src/share/vm/prims/jni.cpp, line 709]
Event: 6.842 Thread 0x00007fa47500d000 Exception <a 'java/io/FileNotFoundException'> (0x000000079ab88ba8) thrown at [/Users/java_re/workspace/8-2-build-macosx-x86_64/jdk8u201/12322/hotspot/src/share/vm/prims/jni.cpp, line 709]
Event: 7.471 Thread 0x00007fa47500d000 Implicit null exception at 0x00000001115555c3 to 0x00000001115557ed
Event: 7.475 Thread 0x00007fa47500d000 Implicit null exception at 0x0000000111556b75 to 0x0000000111556d81
Event: 8.379 Thread 0x00007fa47500d000 Implicit null exception at 0x0000000111489978 to 0x0000000111489e7d
Event: 8.379 Thread 0x00007fa47500d000 Implicit null exception at 0x000000011128c398 to 0x000000011128c426

Events (10 events):
Event: 9.740 loading class com/sun/tools/javac/comp/Lower$1Patcher
Event: 9.740 loading class com/sun/tools/javac/comp/Lower$1Patcher done
Event: 9.789 loading class com/sun/tools/javac/comp/DeferredAttr$6
Event: 9.789 loading class com/sun/tools/javac/comp/DeferredAttr$6 done
Event: 9.789 loading class com/sun/tools/javac/tree/TreeCopier
Event: 9.789 loading class com/sun/tools/javac/tree/TreeCopier done
Event: 9.791 loading class com/sun/tools/javac/comp/DeferredAttr$5
Event: 9.791 loading class com/sun/tools/javac/comp/DeferredAttr$5 done
Event: 9.828 loading class com/sun/tools/javac/code/Types$MembersClosureCache$MembersScope$1
Event: 9.828 loading class com/sun/tools/javac/code/Types$MembersClosureCache$MembersScope$1 done


Dynamic libraries:
0x00007ffdffc22000 	/Library/Apple/usr/libexec/oah/runtime
0x00007fff351e8000 	/System/Library/Frameworks/Cocoa.framework/Versions/A/Cocoa
0x00007fff22120000 	/System/Library/Frameworks/Security.framework/Versions/A/Security
0x00007fff33437000 	/System/Library/Frameworks/ApplicationServices.framework/Versions/A/ApplicationServices
0x00007fff2a5b0000 	/usr/lib/libz.1.dylib
0x00007fff2a67c000 	/usr/lib/libSystem.B.dylib
0x00007fff201d4000 	/usr/lib/libobjc.A.dylib
0x00007fff203b5000 	/System/Library/Frameworks/CoreFoundation.framework/Versions/A/CoreFoundation
0x00007fff21094000 	/System/Library/Frameworks/Foundation.framework/Versions/C/Foundation
0x00007fff22b44000 	/System/Library/Frameworks/AppKit.framework/Versions/C/AppKit
0x00007fff259f3000 	/System/Library/Frameworks/CoreData.framework/Versions/A/CoreData
0x00007fff238a1000 	/System/Library/PrivateFrameworks/UIFoundation.framework/Versions/A/UIFoundation
0x00007fff2fe1a000 	/System/Library/PrivateFrameworks/RemoteViewServices.framework/Versions/A/RemoteViewServices
0x00007fff28bcc000 	/System/Library/PrivateFrameworks/XCTTargetBootstrap.framework/Versions/A/XCTTargetBootstrap
0x00007fff2b919000 	/usr/lib/libspindump.dylib
0x00007fff23af5000 	/System/Library/Frameworks/UniformTypeIdentifiers.framework/Versions/A/UniformTypeIdentifiers
0x00007fff2739e000 	/usr/lib/libapp_launch_measurement.dylib
0x00007fff273a1000 	/System/Library/PrivateFrameworks/CoreAutoLayout.framework/Versions/A/CoreAutoLayout
0x00007fff2852d000 	/System/Library/Frameworks/Metal.framework/Versions/A/Metal
0x00007fff29222000 	/usr/lib/liblangid.dylib
0x00007fff28bd0000 	/System/Library/PrivateFrameworks/CoreSVG.framework/Versions/A/CoreSVG
0x00007fff24adc000 	/System/Library/PrivateFrameworks/SkyLight.framework/Versions/A/SkyLight
0x00007fff24e3b000 	/System/Library/Frameworks/CoreGraphics.framework/Versions/A/CoreGraphics
0x00007fff30471000 	/System/Library/Frameworks/Accelerate.framework/Versions/A/Accelerate
0x00007fff2b354000 	/System/Library/PrivateFrameworks/IconServices.framework/Versions/A/IconServices
0x00007fff2850e000 	/System/Library/Frameworks/IOSurface.framework/Versions/A/IOSurface
0x00007fff26385000 	/usr/lib/libDiagnosticMessagesClient.dylib
0x00007fff28bb8000 	/System/Library/PrivateFrameworks/DFRFoundation.framework/Versions/A/DFRFoundation
0x00007fff22470000 	/usr/lib/libicucore.A.dylib
0x00007fff2ce54000 	/System/Library/Frameworks/AudioToolbox.framework/Versions/A/AudioToolbox
0x00007fff2c0ff000 	/System/Library/PrivateFrameworks/DataDetectorsCore.framework/Versions/A/DataDetectorsCore
0x00007fff288b8000 	/System/Library/Frameworks/Carbon.framework/Versions/A/Frameworks/HIToolbox.framework/Versions/A/HIToolbox
0x00007fff26e01000 	/System/Library/Frameworks/QuartzCore.framework/Versions/A/QuartzCore
0x00007fff2fe56000 	/System/Library/Frameworks/Carbon.framework/Versions/A/Frameworks/SpeechRecognition.framework/Versions/A/SpeechRecognition
0x00007fff27106000 	/System/Library/PrivateFrameworks/CoreUI.framework/Versions/A/CoreUI
0x00007fff21a7c000 	/System/Library/Frameworks/CoreAudio.framework/Versions/A/CoreAudio
0x00007fff26470000 	/System/Library/Frameworks/DiskArbitration.framework/Versions/A/DiskArbitration
0x00007fff2bd11000 	/System/Library/PrivateFrameworks/MultitouchSupport.framework/Versions/A/MultitouchSupport
0x00007fff2c0f6000 	/System/Library/PrivateFrameworks/InternationalSupport.framework/Versions/A/InternationalSupport
0x00007fff24a50000 	/usr/lib/libenergytrace.dylib
0x00007fff22a3e000 	/System/Library/Frameworks/IOKit.framework/Versions/A/IOKit
0x00007fff301a3000 	/System/Library/Frameworks/CoreServices.framework/Versions/A/CoreServices
0x00007fff27334000 	/System/Library/PrivateFrameworks/PerformanceAnalysis.framework/Versions/A/PerformanceAnalysis
0x00007fff6b697000 	/System/Library/Frameworks/OpenGL.framework/Versions/A/OpenGL
0x00007fff2c17b000 	/System/Library/PrivateFrameworks/UserActivity.framework/Versions/A/UserActivity
0x00007fff254f5000 	/System/Library/Frameworks/ColorSync.framework/Versions/A/ColorSync
0x00007fff28e3b000 	/System/Library/Frameworks/CoreImage.framework/Versions/A/CoreImage
0x00007fff21892000 	/System/Library/Frameworks/CoreText.framework/Versions/A/CoreText
0x00007fff28bfa000 	/System/Library/Frameworks/ImageIO.framework/Versions/A/ImageIO
0x00007fff2a682000 	/System/Library/PrivateFrameworks/SoftLinking.framework/Versions/A/SoftLinking
0x00007fff273ea000 	/usr/lib/libxml2.2.dylib
0x00007fff2029a000 	/usr/lib/libc++.1.dylib
0x00007fff2a8f4000 	/usr/lib/libcompression.dylib
0x00007fff24a51000 	/usr/lib/libMobileGestalt.dylib
0x00007fff2c029000 	/System/Library/PrivateFrameworks/TextureIO.framework/Versions/A/TextureIO
0x00007fff2afe2000 	/usr/lib/libate.dylib
0x00007fff2a676000 	/usr/lib/system/libcache.dylib
0x00007fff2a632000 	/usr/lib/system/libcommonCrypto.dylib
0x00007fff2a65c000 	/usr/lib/system/libcompiler_rt.dylib
0x00007fff2a651000 	/usr/lib/system/libcopyfile.dylib
0x00007fff200c6000 	/usr/lib/system/libcorecrypto.dylib
0x00007fff2018f000 	/usr/lib/system/libdispatch.dylib
0x00007fff20344000 	/usr/lib/system/libdyld.dylib
0x00007fff2a66d000 	/usr/lib/system/libkeymgr.dylib
0x00007fff2dc03000 	/usr/lib/system/liblaunch.dylib
0x00007fff2a610000 	/usr/lib/system/libmacho.dylib
0x00007fff29e26000 	/usr/lib/system/libquarantine.dylib
0x00007fff2a66a000 	/usr/lib/system/libremovefile.dylib
0x00007fff24aad000 	/usr/lib/system/libsystem_asl.dylib
0x00007fff20076000 	/usr/lib/system/libsystem_blocks.dylib
0x00007fff20211000 	/usr/lib/system/libsystem_c.dylib
0x00007fff2a664000 	/usr/lib/system/libsystem_collections.dylib
0x00007fff29213000 	/usr/lib/system/libsystem_configuration.dylib
0x00007fff284fd000 	/usr/lib/system/libsystem_containermanager.dylib
0x00007fff2a3a8000 	/usr/lib/system/libsystem_coreservices.dylib
0x00007fff226d2000 	/usr/lib/system/libsystem_darwin.dylib
0x00007fff2a66e000 	/usr/lib/system/libsystem_dnssd.dylib
0x00007fff2020e000 	/usr/lib/system/libsystem_featureflags.dylib
0x00007fff20389000 	/usr/lib/system/libsystem_info.dylib
0x00007fff2a5c3000 	/usr/lib/system/libsystem_m.dylib
0x00007fff20162000 	/usr/lib/system/libsystem_malloc.dylib
0x00007fff24a41000 	/usr/lib/system/libsystem_networkextension.dylib
0x00007fff22aec000 	/usr/lib/system/libsystem_notify.dylib
0x00007fff300a1000 	/usr/lib/system/libsystem_product_info_filter.dylib
0x00007fff29217000 	/usr/lib/system/libsystem_sandbox.dylib
0x00007fff2a667000 	/usr/lib/system/libsystem_secinit.dylib
0x00007fff20309000 	/usr/lib/system/libsystem_kernel.dylib
0x00007fff2037f000 	/usr/lib/system/libsystem_platform.dylib
0x00007fff20338000 	/usr/lib/system/libsystem_pthread.dylib
0x00007fff261d3000 	/usr/lib/system/libsystem_symptoms.dylib
0x00007fff200ae000 	/usr/lib/system/libsystem_trace.dylib
0x00007fff2a63e000 	/usr/lib/system/libunwind.dylib
0x00007fff20078000 	/usr/lib/system/libxpc.dylib
0x00007fff202f0000 	/usr/lib/libc++abi.dylib
0x00007fff2a649000 	/usr/lib/liboah.dylib
0x00007fff2ad0d000 	/usr/lib/liblzma.5.dylib
0x00007fff20daa000 	/System/Library/Frameworks/SystemConfiguration.framework/Versions/A/SystemConfiguration
0x00007fff2a67e000 	/usr/lib/libfakelink.dylib
0x00007fff245a3000 	/System/Library/Frameworks/CFNetwork.framework/Versions/A/CFNetwork
0x00007fff2a7be000 	/usr/lib/libarchive.2.dylib
0x00007fff20e27000 	/usr/lib/libCRFSuite.dylib
0x00007fff29e4d000 	/usr/lib/libbsm.0.dylib
0x00007fff23f5f000 	/usr/lib/libnetwork.dylib
0x00007fff2a683000 	/usr/lib/libpcap.A.dylib
0x00007fff261cc000 	/usr/lib/libdns_services.dylib
0x00007fff2ad26000 	/usr/lib/libcoretls_cfhelpers.dylib
0x00007fff2a8c2000 	/usr/lib/libapple_nghttp2.dylib
0x00007fff2a616000 	/usr/lib/system/libkxld.dylib
0x00007fff25e3a000 	/usr/lib/libsqlite3.dylib
0x00007fff2a38a000 	/System/Library/PrivateFrameworks/AppleFSCompression.framework/Versions/A/AppleFSCompression
0x00007fff29e35000 	/usr/lib/libcoretls.dylib
0x00007fff2a8ef000 	/usr/lib/libpam.2.dylib
0x00007fff2ae23000 	/usr/lib/libxar.1.dylib
0x00007fff2921e000 	/System/Library/PrivateFrameworks/AppleSystemInfo.framework/Versions/A/AppleSystemInfo
0x00007fff29a78000 	/System/Library/PrivateFrameworks/IOMobileFramebuffer.framework/Versions/A/IOMobileFramebuffer
0x00007fff2a39a000 	/usr/lib/libbz2.1.0.dylib
0x00007fff2a6bb000 	/usr/lib/libiconv.2.dylib
0x00007fff2a60f000 	/usr/lib/libcharset.1.dylib
0x00007fff27370000 	/System/Library/Frameworks/CoreServices.framework/Versions/A/Frameworks/FSEvents.framework/Versions/A/FSEvents
0x00007fff226dc000 	/System/Library/Frameworks/CoreServices.framework/Versions/A/Frameworks/CarbonCore.framework/Versions/A/CarbonCore
0x00007fff263d5000 	/System/Library/Frameworks/CoreServices.framework/Versions/A/Frameworks/Metadata.framework/Versions/A/Metadata
0x00007fff2a3ad000 	/System/Library/Frameworks/CoreServices.framework/Versions/A/Frameworks/OSServices.framework/Versions/A/OSServices
0x00007fff2a830000 	/System/Library/Frameworks/CoreServices.framework/Versions/A/Frameworks/SearchKit.framework/Versions/A/SearchKit
0x00007fff26156000 	/System/Library/Frameworks/CoreServices.framework/Versions/A/Frameworks/AE.framework/Versions/A/AE
0x00007fff20851000 	/System/Library/Frameworks/CoreServices.framework/Versions/A/Frameworks/LaunchServices.framework/Versions/A/LaunchServices
0x00007fff2acbe000 	/System/Library/Frameworks/CoreServices.framework/Versions/A/Frameworks/DictionaryServices.framework/Versions/A/DictionaryServices
0x00007fff27379000 	/System/Library/Frameworks/CoreServices.framework/Versions/A/Frameworks/SharedFileList.framework/Versions/A/SharedFileList
0x00007fff29e29000 	/usr/lib/libCheckFix.dylib
0x00007fff24ac4000 	/System/Library/PrivateFrameworks/TCC.framework/Versions/A/TCC
0x00007fff29224000 	/System/Library/PrivateFrameworks/CoreNLP.framework/Versions/A/CoreNLP
0x00007fff26388000 	/System/Library/PrivateFrameworks/MetadataUtilities.framework/Versions/A/MetadataUtilities
0x00007fff20e5d000 	/usr/lib/libmecabra.dylib
0x00007fff2a13d000 	/System/Library/Frameworks/MLCompute.framework/Versions/A/MLCompute
0x00007fff29e5e000 	/usr/lib/libmecab.dylib
0x00007fff29ea8000 	/usr/lib/libgermantok.dylib
0x00007fff2a898000 	/usr/lib/libThaiTokenizer.dylib
0x00007fff2ae5e000 	/usr/lib/libChineseTokenizer.dylib
0x00007fff2a8ed000 	/System/Library/Frameworks/MetalPerformanceShaders.framework/Versions/A/MetalPerformanceShaders
0x00007fff26477000 	/System/Library/Frameworks/Accelerate.framework/Versions/A/Frameworks/vImage.framework/Versions/A/vImage
0x00007fff3017c000 	/System/Library/Frameworks/Accelerate.framework/Versions/A/Frameworks/vecLib.framework/Versions/A/vecLib
0x00007fff2ae69000 	/System/Library/Frameworks/Accelerate.framework/Versions/A/Frameworks/vecLib.framework/Versions/A/libvMisc.dylib
0x00007fff298d4000 	/System/Library/Frameworks/Accelerate.framework/Versions/A/Frameworks/vecLib.framework/Versions/A/libvDSP.dylib
0x00007fff20b54000 	/System/Library/Frameworks/Accelerate.framework/Versions/A/Frameworks/vecLib.framework/Versions/A/libBLAS.dylib
0x00007fff2a913000 	/System/Library/Frameworks/Accelerate.framework/Versions/A/Frameworks/vecLib.framework/Versions/A/libLAPACK.dylib
0x00007fff29eae000 	/System/Library/Frameworks/Accelerate.framework/Versions/A/Frameworks/vecLib.framework/Versions/A/libLinearAlgebra.dylib
0x00007fff2a8da000 	/System/Library/Frameworks/Accelerate.framework/Versions/A/Frameworks/vecLib.framework/Versions/A/libSparseBLAS.dylib
0x00007fff2a90d000 	/System/Library/Frameworks/Accelerate.framework/Versions/A/Frameworks/vecLib.framework/Versions/A/libQuadrature.dylib
0x00007fff292cc000 	/System/Library/Frameworks/Accelerate.framework/Versions/A/Frameworks/vecLib.framework/Versions/A/libBNNS.dylib
0x00007fff20d3b000 	/System/Library/Frameworks/Accelerate.framework/Versions/A/Frameworks/vecLib.framework/Versions/A/libSparse.dylib
0x00007fff291b7000 	/System/Library/Frameworks/MetalPerformanceShaders.framework/Versions/A/Frameworks/MPSCore.framework/Versions/A/MPSCore
0x00007fff2a2f9000 	/System/Library/Frameworks/MetalPerformanceShaders.framework/Versions/A/Frameworks/MPSImage.framework/Versions/A/MPSImage
0x00007fff29ec5000 	/System/Library/Frameworks/MetalPerformanceShaders.framework/Versions/A/Frameworks/MPSNeuralNetwork.framework/Versions/A/MPSNeuralNetwork
0x00007fff2a284000 	/System/Library/Frameworks/MetalPerformanceShaders.framework/Versions/A/Frameworks/MPSMatrix.framework/Versions/A/MPSMatrix
0x00007fff2a0ed000 	/System/Library/Frameworks/MetalPerformanceShaders.framework/Versions/A/Frameworks/MPSRayIntersector.framework/Versions/A/MPSRayIntersector
0x00007fff2a2bb000 	/System/Library/Frameworks/MetalPerformanceShaders.framework/Versions/A/Frameworks/MPSNDArray.framework/Versions/A/MPSNDArray
0x00007fff20a80000 	/System/Library/PrivateFrameworks/MetalTools.framework/Versions/A/MetalTools
0x00007fff2921c000 	/System/Library/PrivateFrameworks/AggregateDictionary.framework/Versions/A/AggregateDictionary
0x00007fff26360000 	/System/Library/PrivateFrameworks/CoreAnalytics.framework/Versions/A/CoreAnalytics
0x00007fff2a89a000 	/System/Library/PrivateFrameworks/AppleSauce.framework/Versions/A/AppleSauce
0x00007fff28520000 	/System/Library/PrivateFrameworks/IOAccelerator.framework/Versions/A/IOAccelerator
0x00007fff6b68b000 	/System/Library/Frameworks/OpenGL.framework/Versions/A/Libraries/libCoreFSCache.dylib
0x00007fff213f8000 	/System/Library/PrivateFrameworks/LanguageModeling.framework/Versions/A/LanguageModeling
0x00007fff29a65000 	/System/Library/PrivateFrameworks/CoreEmoji.framework/Versions/A/CoreEmoji
0x00007fff292c5000 	/System/Library/PrivateFrameworks/LinguisticData.framework/Versions/A/LinguisticData
0x00007fff20ced000 	/System/Library/PrivateFrameworks/Lexicon.framework/Versions/A/Lexicon
0x00007fff2a7ac000 	/usr/lib/libcmph.dylib
0x00007fff27350000 	/System/Library/Frameworks/OpenDirectory.framework/Versions/A/Frameworks/CFOpenDirectory.framework/Versions/A/CFOpenDirectory
0x00007fff27340000 	/System/Library/Frameworks/OpenDirectory.framework/Versions/A/OpenDirectory
0x00007fff2ad28000 	/System/Library/PrivateFrameworks/APFS.framework/Versions/A/APFS
0x00007fff29d8a000 	/System/Library/Frameworks/SecurityFoundation.framework/Versions/A/SecurityFoundation
0x00007fff2ae31000 	/usr/lib/libutil.dylib
0x00007fff22a03000 	/System/Library/PrivateFrameworks/CoreServicesStore.framework/Versions/A/CoreServicesStore
0x00007fff29e21000 	/System/Library/Frameworks/ServiceManagement.framework/Versions/A/ServiceManagement
0x00007fff2ae35000 	/usr/lib/libxslt.1.dylib
0x00007fff29e17000 	/System/Library/PrivateFrameworks/BackgroundTaskManagement.framework/Versions/A/BackgroundTaskManagement
0x00007fff2bf74000 	/System/Library/Frameworks/ImageIO.framework/Versions/A/Resources/libRadiance.dylib
0x00007fff2bf7d000 	/System/Library/Frameworks/ImageIO.framework/Versions/A/Resources/libJPEG.dylib
0x00007fff2becb000 	/System/Library/Frameworks/ImageIO.framework/Versions/A/Resources/libPng.dylib
0x00007fff2bef2000 	/System/Library/Frameworks/ImageIO.framework/Versions/A/Resources/libTIFF.dylib
0x00007fff2bfd2000 	/System/Library/Frameworks/ImageIO.framework/Versions/A/Resources/libGIF.dylib
0x00007fff2bc2f000 	/System/Library/Frameworks/ImageIO.framework/Versions/A/Resources/libJP2.dylib
0x00007fff2b31b000 	/usr/lib/libexpat.1.dylib
0x00007fff2bbe5000 	/System/Library/PrivateFrameworks/AppleJPEG.framework/Versions/A/AppleJPEG
0x00007fff2875b000 	/System/Library/PrivateFrameworks/FontServices.framework/libFontParser.dylib
0x00007fff2610a000 	/System/Library/PrivateFrameworks/RunningBoardServices.framework/Versions/A/RunningBoardServices
0x00007fff2bd0d000 	/System/Library/PrivateFrameworks/WatchdogClient.framework/Versions/A/WatchdogClient
0x00007fff214e5000 	/System/Library/Frameworks/CoreDisplay.framework/Versions/A/CoreDisplay
0x00007fff28670000 	/System/Library/Frameworks/CoreMedia.framework/Versions/A/CoreMedia
0x00007fff274cd000 	/System/Library/Frameworks/CoreVideo.framework/Versions/A/CoreVideo
0x00007fff2bd45000 	/System/Library/Frameworks/VideoToolbox.framework/Versions/A/VideoToolbox
0x00007fff26088000 	/System/Library/PrivateFrameworks/BaseBoard.framework/Versions/A/BaseBoard
0x00007fff2b460000 	/System/Library/PrivateFrameworks/PersistentConnection.framework/Versions/A/PersistentConnection
0x00007fff25e23000 	/System/Library/PrivateFrameworks/ProtocolBuffer.framework/Versions/A/ProtocolBuffer
0x00007fff2606f000 	/System/Library/PrivateFrameworks/CommonUtilities.framework/Versions/A/CommonUtilities
0x00007fff2bb7a000 	/System/Library/PrivateFrameworks/Bom.framework/Versions/A/Bom
0x00007fff2bf6d000 	/System/Library/PrivateFrameworks/GPUWrangler.framework/Versions/A/GPUWrangler
0x00007fff2bf50000 	/System/Library/PrivateFrameworks/IOPresentment.framework/Versions/A/IOPresentment
0x00007fff2bf77000 	/System/Library/PrivateFrameworks/DSExternalDisplay.framework/Versions/A/DSExternalDisplay
0x00007fff2bfd7000 	/System/Library/PrivateFrameworks/CMCaptureCore.framework/Versions/A/CMCaptureCore
0x00007fff2b900000 	/System/Library/PrivateFrameworks/AppServerSupport.framework/Versions/A/AppServerSupport
0x00007fff2d9a4000 	/System/Library/PrivateFrameworks/perfdata.framework/Versions/A/perfdata
0x00007fff29d79000 	/System/Library/PrivateFrameworks/AssertionServices.framework/Versions/A/AssertionServices
0x00007fff2161c000 	/System/Library/PrivateFrameworks/AudioToolboxCore.framework/Versions/A/AudioToolboxCore
0x00007fff28653000 	/System/Library/PrivateFrameworks/caulk.framework/Versions/A/caulk
0x00007fff3cc3e000 	/System/Library/PrivateFrameworks/SystemPolicy.framework/Versions/A/SystemPolicy
0x00007fff2b111000 	/usr/lib/libIOReport.dylib
0x00007fff2d1c6000 	/usr/lib/libSMC.dylib
0x00007fff2be98000 	/usr/lib/libAudioToolboxUtility.dylib
0x00007fff3d5a3000 	/usr/lib/libmis.dylib
0x00007fff6b6e7000 	/System/Library/Frameworks/OpenGL.framework/Versions/A/Libraries/libGLU.dylib
0x00007fff6b6aa000 	/System/Library/Frameworks/OpenGL.framework/Versions/A/Libraries/libGFXShared.dylib
0x00007fff6b8b9000 	/System/Library/Frameworks/OpenGL.framework/Versions/A/Libraries/libGL.dylib
0x00007fff6b6b3000 	/System/Library/Frameworks/OpenGL.framework/Versions/A/Libraries/libGLImage.dylib
0x00007fff6b6a7000 	/System/Library/Frameworks/OpenGL.framework/Versions/A/Libraries/libCVMSPluginSupport.dylib
0x00007fff6b692000 	/System/Library/Frameworks/OpenGL.framework/Versions/A/Libraries/libCoreVMClient.dylib
0x00007fff6ccfa000 	/System/Library/Frameworks/OpenCL.framework/Versions/A/OpenCL
0x00007fff2b48a000 	/System/Library/PrivateFrameworks/GraphVisualizer.framework/Versions/A/GraphVisualizer
0x00007fff2b499000 	/System/Library/PrivateFrameworks/FaceCore.framework/Versions/A/FaceCore
0x00007fff2b8b5000 	/System/Library/PrivateFrameworks/OTSVG.framework/Versions/A/OTSVG
0x00007fff270c4000 	/System/Library/Frameworks/ApplicationServices.framework/Versions/A/Frameworks/ATS.framework/Versions/A/Resources/libFontRegistry.dylib
0x00007fff2b907000 	/System/Library/PrivateFrameworks/FontServices.framework/libhvf.dylib
0x00007fff2b2c7000 	/System/Library/PrivateFrameworks/AppleVA.framework/Versions/A/AppleVA
0x00007fff2d00f000 	/System/Library/Frameworks/ApplicationServices.framework/Versions/A/Frameworks/ATS.framework/Versions/A/ATS
0x00007fff2d321000 	/System/Library/Frameworks/ApplicationServices.framework/Versions/A/Frameworks/ColorSyncLegacy.framework/Versions/A/ColorSyncLegacy
0x00007fff255ec000 	/System/Library/Frameworks/ApplicationServices.framework/Versions/A/Frameworks/HIServices.framework/Versions/A/HIServices
0x00007fff2d306000 	/System/Library/Frameworks/ApplicationServices.framework/Versions/A/Frameworks/LangAnalysis.framework/Versions/A/LangAnalysis
0x00007fff2bfe1000 	/System/Library/Frameworks/ApplicationServices.framework/Versions/A/Frameworks/PrintCore.framework/Versions/A/PrintCore
0x00007fff2d329000 	/System/Library/Frameworks/ApplicationServices.framework/Versions/A/Frameworks/QD.framework/Versions/A/QD
0x00007fff2cfff000 	/System/Library/Frameworks/ApplicationServices.framework/Versions/A/Frameworks/SpeechSynthesis.framework/Versions/A/SpeechSynthesis
0x00007fff2bfa2000 	/System/Library/Frameworks/ApplicationServices.framework/Versions/A/Frameworks/ATSUI.framework/Versions/A/ATSUI
0x00007fff2d2a6000 	/usr/lib/libcups.2.dylib
0x00007fff2d316000 	/System/Library/PrivateFrameworks/NetAuth.framework/Versions/A/NetAuth
0x00007fff2d9c0000 	/System/Library/Frameworks/Kerberos.framework/Versions/A/Kerberos
0x00007fff2d9d0000 	/System/Library/Frameworks/GSS.framework/Versions/A/GSS
0x00007fff2d07b000 	/usr/lib/libresolv.9.dylib
0x00007fff2b91c000 	/System/Library/PrivateFrameworks/Heimdal.framework/Versions/A/Heimdal
0x00007fff33737000 	/System/Library/Frameworks/Kerberos.framework/Versions/A/Libraries/libHeimdalProxy.dylib
0x00007fff261db000 	/System/Library/Frameworks/Network.framework/Versions/A/Network
0x00007fff2b335000 	/usr/lib/libheimdal-asn1.dylib
0x00007fff2da20000 	/System/Library/PrivateFrameworks/CommonAuth.framework/Versions/A/CommonAuth
0x00007fff2751a000 	/System/Library/PrivateFrameworks/login.framework/Versions/A/Frameworks/loginsupport.framework/Versions/A/loginsupport
0x00007fff2cf84000 	/System/Library/PrivateFrameworks/AudioSession.framework/Versions/A/AudioSession
0x00007fff2cfec000 	/usr/lib/libAudioStatistics.dylib
0x00007fff2b3c2000 	/System/Library/PrivateFrameworks/MediaExperience.framework/Versions/A/MediaExperience
0x00007fff2ce22000 	/System/Library/PrivateFrameworks/AudioSession.framework/libSessionUtility.dylib
0x00007fff2d9b1000 	/usr/lib/libperfcheck.dylib
0x00007fff2d335000 	/System/Library/PrivateFrameworks/AudioResourceArbitration.framework/Versions/A/AudioResourceArbitration
0x00007fff2b33f000 	/System/Library/PrivateFrameworks/IconFoundation.framework/Versions/A/IconFoundation
0x00007fff2fe46000 	/System/Library/PrivateFrameworks/SpeechRecognitionCore.framework/Versions/A/SpeechRecognitionCore
0x000000010f000000 	/Library/Java/JavaVirtualMachines/jdk1.8.0_201.jdk/Contents/Home/jre/lib/server/libjvm.dylib
0x00007fff789bd000 	/usr/lib/libstdc++.6.dylib
0x000000010ab35000 	/Library/Java/JavaVirtualMachines/jdk1.8.0_201.jdk/Contents/Home/jre/lib/libverify.dylib
0x000000010ab54000 	/Library/Java/JavaVirtualMachines/jdk1.8.0_201.jdk/Contents/Home/jre/lib/libjava.dylib
0x000000010ac15000 	/Library/Java/JavaVirtualMachines/jdk1.8.0_201.jdk/Contents/Home/jre/lib/libzip.dylib
0x00000001273a6000 	/Library/Java/JavaVirtualMachines/jdk1.8.0_201.jdk/Contents/Home/jre/lib/libnio.dylib
0x00000001273ce000 	/Library/Java/JavaVirtualMachines/jdk1.8.0_201.jdk/Contents/Home/jre/lib/libnet.dylib
0x0000000127409000 	/private/var/folders/2t/dc39nql53xn1fxskhl7tslq00000gn/T/libjansi-1.17.1-5482593947807015853.jnilib

VM Arguments:
jvm_args: -Dmaven.home=EMBEDDED -Dclassworlds.conf=/Users/ibrahim/Documents/workspace-spring-tool-suite-4-4.12.1.RELEASE/.metadata/.plugins/org.eclipse.m2e.launching/launches/m2conf13783232911151326330.tmp -Dmaven.multiModuleProjectDirectory=/Users/ibrahim/Sites/devops/devops1/timesheet -Djansi.force=true -Dfile.encoding=UTF-8 
java_command: org.codehaus.plexus.classworlds.launcher.Launcher -B package -Dstyle.color=always
java_class_path (initial): /Applications/SpringToolSuite4.app/Contents/Eclipse/plugins/org.eclipse.m2e.maven.runtime_1.18.1.20211011-2139/jars/plexus-classworlds-2.6.0.jar
Launcher Type: SUN_STANDARD

Environment Variables:
PATH=/usr/bin:/bin:/usr/sbin:/sbin
SHELL=/bin/zsh

Signal Handlers:
SIGSEGV: [libjvm.dylib+0x5b723d], sa_mask[0]=11111111111111111111111111111111, sa_flags=SA_ONSTACK|SA_RESTART|SA_SIGINFO
SIGBUS: [libjvm.dylib+0x5b723d], sa_mask[0]=11111111111111111111111111111111, sa_flags=SA_RESTART|SA_SIGINFO
SIGFPE: [libjvm.dylib+0x48c9bc], sa_mask[0]=11111111111111111111111111111111, sa_flags=SA_RESTART|SA_SIGINFO
SIGPIPE: [libjvm.dylib+0x48c9bc], sa_mask[0]=11111111111111111111111111111111, sa_flags=SA_RESTART|SA_SIGINFO
SIGXFSZ: [libjvm.dylib+0x48c9bc], sa_mask[0]=11111111111111111111111111111111, sa_flags=SA_RESTART|SA_SIGINFO
SIGILL: [libjvm.dylib+0x48c9bc], sa_mask[0]=11111111111111111111111111111111, sa_flags=SA_RESTART|SA_SIGINFO
SIGUSR1: SIG_DFL, sa_mask[0]=00000000000000000000000000000000, sa_flags=none
SIGUSR2: [libjvm.dylib+0x48c4da], sa_mask[0]=00100000000000000000000000000000, sa_flags=SA_RESTART|SA_SIGINFO
SIGHUP: [libjvm.dylib+0x48aa65], sa_mask[0]=11111111111111111111111111111111, sa_flags=SA_RESTART|SA_SIGINFO
SIGINT: [libjvm.dylib+0x48aa65], sa_mask[0]=11111111111111111111111111111111, sa_flags=SA_RESTART|SA_SIGINFO
SIGTERM: [libjvm.dylib+0x48aa65], sa_mask[0]=11111111111111111111111111111111, sa_flags=SA_RESTART|SA_SIGINFO
SIGQUIT: [libjvm.dylib+0x48aa65], sa_mask[0]=11111111111111111111111111111111, sa_flags=SA_RESTART|SA_SIGINFO


---------------  S Y S T E M  ---------------

OS:Bsduname:Darwin 20.1.0 Darwin Kernel Version 20.1.0: Sat Oct 31 00:07:10 PDT 2020; root:xnu-7195.50.7~2/RELEASE_ARM64_T8101 x86_64
rlimit: STACK 8176k, CORE 0k, NPROC 1333, NOFILE 10240, AS infinity
load average:3.66 2.92 2.86

CPU:total 8 (initial active 8) (1 cores per cpu, 1 threads per core) family 6 model 44 stepping 0, cmov, cx8, fxsr, mmx, sse, sse2, sse3, ssse3, sse4.1, sse4.2, popcnt, aes, clmul, tsc, tscinvbit, tscinv

Memory: 4k page, physical 8388608k(22480k free)

/proc/meminfo:


vm_info: Java HotSpot(TM) 64-Bit Server VM (25.201-b09) for bsd-amd64 JRE (1.8.0_201-b09), built on Dec 15 2018 18:35:23 by "java_re" with gcc 4.2.1 (Based on Apple Inc. build 5658) (LLVM build 2336.11.00)

time: Mon Nov  8 11:05:56 2021
timezone: CET
elapsed time: 9 seconds (0d 0h 0m 9s)

